2022-11-09T12:41:02+00:00 DEBUG POST: https://ads.tiktok.com/marketing_api/api/developer/app/create_auto_approve/

{"business_platform":"PROD","smb_id":"tt4b_woocommerce_636b9fde2cef5httplocalhostwordpresswp-admin","smb_name":"PROD","redirect_url":"http:\/\/localhost\/wordpress\/wp-admin\/"}

2022-11-09T12:41:05+00:00 DEBUG Tt4b_Mapi_Class::create_open_source_app: Response: 

HTTP/1.1 200 OK
Server: nginx
Content-Type: application/json
X-Tt-Logid: 202211091241020102510110091108E9CA,202211091241020102510110091108E9CA
x-tt-trace-host: 0114670ac57b26119d4e52a7e341a17e35ac1eb2bbf1806ad78dbc78c43916316c638242862fb915f909ffa61cdd17c5664c87b460576089ef74bfcb16cba7cab7d344119fb26b7ad256a3ad8aa696cfbf4cef43836530701b6c5f6c0344bbf049
Content-Encoding: gzip
Content-Length: 208
X-Origin-Response-Time: 3529,23.44.214.9
X-Akamai-Request-ID: 43d64a3.3073a1bb
Date: Wed, 09 Nov 2022 12:41:06 GMT
X-Cache: TCP_MISS from a202-138-181-207.deploy.akamaitechnologies.com (AkamaiGHost/10.10.1-44825277) (-)
Connection: close
Vary: Accept-Encoding
X-Cache-Remote: TCP_MISS from a23-44-214-9.deploy.akamaitechnologies.com (AkamaiGHost/10.10.1-44825277) (-)
x-tt-trace-tag: id=16;cdn-cache=miss;type=dyn
Server-Timing: cdn-cache; desc=MISS, edge; dur=37, origin; dur=3529
Server-Timing: inner; dur=3527
X-Parent-Response-Time: 3561,202.138.181.207

{"code":0,"msg":"ok","data":{"app_id":"7163995411294715905","redirect_uri":"http:\/\/localhost\/wordpress\/wp-admin\/","app_secret":"84b86ca70fadfcbcf4c8ea4d8056cd1a607abebe","external_data_key":"98708e00-7fb0-4705-99be-652cb9fd8b6f"}}

2022-11-09T13:18:01+00:00 DEBUG tt4b_product_sync: missing access token for tt4b_product_sync
2022-11-09T13:36:29+00:00 DEBUG tt4b_product_sync: missing access token for tt4b_product_sync
2022-11-09T13:36:29+00:00 DEBUG tt4b_product_sync: missing access token for tt4b_product_sync
2022-11-09T13:36:37+00:00 DEBUG tt4b_product_sync: missing access token for tt4b_product_sync
2022-11-09T13:38:38+00:00 DEBUG tt4b_product_sync: missing access token for tt4b_product_sync
2022-11-09T13:40:39+00:00 DEBUG tt4b_product_sync: missing access token for tt4b_product_sync
2022-11-09T13:43:28+00:00 DEBUG tt4b_product_sync: missing access token for tt4b_product_sync
2022-11-09T13:43:40+00:00 DEBUG Tt4b_Pixel_Class::inject_view_content_event: hit injectViewContentEvent
2022-11-09T13:43:40+00:00 DEBUG Tt4b_Pixel_Class::inject_view_content_event: Missing option "access_token"
2022-11-09T13:45:27+00:00 DEBUG Tt4b_Pixel_Class::inject_view_content_event: hit injectViewContentEvent
2022-11-09T13:45:27+00:00 DEBUG Tt4b_Pixel_Class::inject_view_content_event: Missing option "access_token"
2022-11-09T13:55:27+00:00 DEBUG tt4b_product_sync: missing access token for tt4b_product_sync
2022-11-09T13:55:35+00:00 DEBUG Tt4b_Pixel_Class::inject_view_content_event: hit injectViewContentEvent
2022-11-09T13:55:35+00:00 DEBUG Tt4b_Pixel_Class::inject_view_content_event: Missing option "access_token"
2022-11-09T13:56:27+00:00 DEBUG Tt4b_Pixel_Class::inject_view_content_event: hit injectViewContentEvent
2022-11-09T13:56:27+00:00 DEBUG Tt4b_Pixel_Class::inject_view_content_event: Missing option "access_token"
2022-11-09T13:56:40+00:00 DEBUG tt4b_product_sync: missing access token for tt4b_product_sync
2022-11-09T13:56:41+00:00 DEBUG Tt4b_Pixel_Class::inject_view_content_event: hit injectViewContentEvent
2022-11-09T13:56:41+00:00 DEBUG Tt4b_Pixel_Class::inject_view_content_event: Missing option "access_token"
2022-11-09T14:03:49+00:00 DEBUG Tt4b_Pixel_Class::inject_view_content_event: hit injectViewContentEvent
2022-11-09T14:03:49+00:00 DEBUG Tt4b_Pixel_Class::inject_view_content_event: Missing option "access_token"
2022-11-09T15:07:08+00:00 DEBUG tt4b_product_sync: missing access token for tt4b_product_sync
2022-11-09T15:07:08+00:00 DEBUG tt4b_product_sync: missing access token for tt4b_product_sync
2022-11-09T15:07:08+00:00 DEBUG tt4b_product_sync: missing access token for tt4b_product_sync
2022-11-09T15:07:08+00:00 DEBUG tt4b_product_sync: missing access token for tt4b_product_sync
2022-11-09T15:07:08+00:00 DEBUG tt4b_product_sync: missing access token for tt4b_product_sync
2022-11-09T15:07:08+00:00 DEBUG tt4b_product_sync: missing access token for tt4b_product_sync
2022-11-09T15:07:08+00:00 DEBUG tt4b_product_sync: missing access token for tt4b_product_sync
2022-11-09T15:07:08+00:00 DEBUG tt4b_product_sync: missing access token for tt4b_product_sync
2022-11-09T15:07:08+00:00 DEBUG tt4b_product_sync: missing access token for tt4b_product_sync
2022-11-09T15:07:09+00:00 DEBUG tt4b_product_sync: missing access token for tt4b_product_sync
2022-11-09T15:07:09+00:00 DEBUG tt4b_product_sync: missing access token for tt4b_product_sync
2022-11-09T15:07:09+00:00 DEBUG tt4b_product_sync: missing access token for tt4b_product_sync
2022-11-09T15:07:09+00:00 DEBUG tt4b_product_sync: missing access token for tt4b_product_sync
2022-11-09T15:07:09+00:00 DEBUG tt4b_product_sync: missing access token for tt4b_product_sync
2022-11-09T15:07:09+00:00 DEBUG tt4b_product_sync: missing access token for tt4b_product_sync
2022-11-09T15:07:09+00:00 DEBUG tt4b_product_sync: missing access token for tt4b_product_sync
2022-11-09T15:07:09+00:00 DEBUG tt4b_product_sync: missing access token for tt4b_product_sync
2022-11-09T15:07:09+00:00 DEBUG tt4b_product_sync: missing access token for tt4b_product_sync
2022-11-09T15:07:09+00:00 DEBUG tt4b_product_sync: missing access token for tt4b_product_sync
2022-11-09T15:07:09+00:00 DEBUG tt4b_product_sync: missing access token for tt4b_product_sync
2022-11-09T15:07:09+00:00 DEBUG tt4b_product_sync: missing access token for tt4b_product_sync
2022-11-09T15:07:09+00:00 DEBUG tt4b_product_sync: missing access token for tt4b_product_sync
2022-11-09T15:07:09+00:00 DEBUG tt4b_product_sync: missing access token for tt4b_product_sync
2022-11-09T15:07:09+00:00 DEBUG tt4b_product_sync: missing access token for tt4b_product_sync
2022-11-09T15:08:18+00:00 DEBUG tt4b_product_sync: missing access token for tt4b_product_sync
2022-11-09T15:08:18+00:00 DEBUG tt4b_product_sync: missing access token for tt4b_product_sync
2022-11-09T15:08:18+00:00 DEBUG tt4b_product_sync: missing access token for tt4b_product_sync
2022-11-09T15:08:18+00:00 DEBUG tt4b_product_sync: missing access token for tt4b_product_sync
2022-11-09T15:08:18+00:00 DEBUG tt4b_product_sync: missing access token for tt4b_product_sync
2022-11-09T15:08:18+00:00 DEBUG tt4b_product_sync: missing access token for tt4b_product_sync
2022-11-09T15:08:18+00:00 DEBUG tt4b_product_sync: missing access token for tt4b_product_sync
2022-11-09T15:08:18+00:00 DEBUG tt4b_product_sync: missing access token for tt4b_product_sync
2022-11-09T15:08:18+00:00 DEBUG tt4b_product_sync: missing access token for tt4b_product_sync
2022-11-09T15:08:18+00:00 DEBUG tt4b_product_sync: missing access token for tt4b_product_sync
2022-11-09T15:08:18+00:00 DEBUG tt4b_product_sync: missing access token for tt4b_product_sync
2022-11-09T15:08:18+00:00 DEBUG tt4b_product_sync: missing access token for tt4b_product_sync
2022-11-09T15:08:19+00:00 DEBUG tt4b_product_sync: missing access token for tt4b_product_sync
2022-11-09T15:08:19+00:00 DEBUG tt4b_product_sync: missing access token for tt4b_product_sync
2022-11-09T15:08:19+00:00 DEBUG tt4b_product_sync: missing access token for tt4b_product_sync
2022-11-09T15:08:19+00:00 DEBUG tt4b_product_sync: missing access token for tt4b_product_sync
2022-11-09T15:08:19+00:00 DEBUG tt4b_product_sync: missing access token for tt4b_product_sync
2022-11-09T15:08:19+00:00 DEBUG tt4b_product_sync: missing access token for tt4b_product_sync
2022-11-09T15:08:19+00:00 DEBUG tt4b_product_sync: missing access token for tt4b_product_sync
2022-11-09T15:08:19+00:00 DEBUG tt4b_product_sync: missing access token for tt4b_product_sync
2022-11-09T15:08:19+00:00 DEBUG tt4b_product_sync: missing access token for tt4b_product_sync
2022-11-09T15:08:19+00:00 DEBUG tt4b_product_sync: missing access token for tt4b_product_sync
2022-11-09T15:08:19+00:00 DEBUG tt4b_product_sync: missing access token for tt4b_product_sync
2022-11-09T15:08:19+00:00 DEBUG tt4b_product_sync: missing access token for tt4b_product_sync
2022-11-09T15:11:55+00:00 DEBUG Tt4b_Pixel_Class::inject_view_content_event: hit injectViewContentEvent
2022-11-09T15:11:55+00:00 DEBUG Tt4b_Pixel_Class::inject_view_content_event: Missing option "access_token"
2022-11-09T15:11:55+00:00 DEBUG Tt4b_Pixel_Class::inject_view_content_event: hit injectViewContentEvent
2022-11-09T15:11:55+00:00 DEBUG Tt4b_Pixel_Class::inject_view_content_event: Missing option "access_token"
2022-11-09T15:11:56+00:00 DEBUG Tt4b_Pixel_Class::inject_view_content_event: hit injectViewContentEvent
2022-11-09T15:11:56+00:00 DEBUG Tt4b_Pixel_Class::inject_view_content_event: Missing option "access_token"
2022-11-09T15:12:47+00:00 DEBUG Tt4b_Pixel_Class::inject_view_content_event: hit injectViewContentEvent
2022-11-09T15:12:47+00:00 DEBUG Tt4b_Pixel_Class::inject_view_content_event: Missing option "access_token"
2022-11-09T15:12:49+00:00 DEBUG Tt4b_Pixel_Class::inject_view_content_event: hit injectViewContentEvent
2022-11-09T15:12:49+00:00 DEBUG Tt4b_Pixel_Class::inject_view_content_event: Missing option "access_token"
2022-11-09T15:12:53+00:00 DEBUG Tt4b_Pixel_Class::inject_view_content_event: hit injectViewContentEvent
2022-11-09T15:12:53+00:00 DEBUG Tt4b_Pixel_Class::inject_view_content_event: Missing option "access_token"
2022-11-09T15:15:15+00:00 DEBUG tt4b_product_sync: missing access token for tt4b_product_sync
2022-11-09T15:15:15+00:00 DEBUG tt4b_product_sync: missing access token for tt4b_product_sync
2022-11-09T15:15:15+00:00 DEBUG tt4b_product_sync: missing access token for tt4b_product_sync
2022-11-09T15:15:15+00:00 DEBUG tt4b_product_sync: missing access token for tt4b_product_sync
2022-11-09T15:15:15+00:00 DEBUG tt4b_product_sync: missing access token for tt4b_product_sync
2022-11-09T15:15:15+00:00 DEBUG tt4b_product_sync: missing access token for tt4b_product_sync
2022-11-09T15:15:15+00:00 DEBUG tt4b_product_sync: missing access token for tt4b_product_sync
2022-11-09T15:15:15+00:00 DEBUG tt4b_product_sync: missing access token for tt4b_product_sync
2022-11-09T15:15:15+00:00 DEBUG tt4b_product_sync: missing access token for tt4b_product_sync
2022-11-09T15:15:15+00:00 DEBUG tt4b_product_sync: missing access token for tt4b_product_sync
2022-11-09T15:15:15+00:00 DEBUG tt4b_product_sync: missing access token for tt4b_product_sync
2022-11-09T15:15:15+00:00 DEBUG tt4b_product_sync: missing access token for tt4b_product_sync
2022-11-09T15:21:12+00:00 DEBUG Tt4b_Pixel_Class::inject_view_content_event: hit injectViewContentEvent
2022-11-09T15:21:12+00:00 DEBUG Tt4b_Pixel_Class::inject_view_content_event: Missing option "access_token"
2022-11-09T15:21:29+00:00 DEBUG tt4b_product_sync: missing access token for tt4b_product_sync
2022-11-09T15:21:29+00:00 DEBUG tt4b_product_sync: missing access token for tt4b_product_sync
2022-11-09T15:21:29+00:00 DEBUG tt4b_product_sync: missing access token for tt4b_product_sync
2022-11-09T15:21:29+00:00 DEBUG tt4b_product_sync: missing access token for tt4b_product_sync
2022-11-09T15:21:29+00:00 DEBUG tt4b_product_sync: missing access token for tt4b_product_sync
2022-11-09T15:21:29+00:00 DEBUG tt4b_product_sync: missing access token for tt4b_product_sync
2022-11-09T15:21:29+00:00 DEBUG tt4b_product_sync: missing access token for tt4b_product_sync
2022-11-09T15:21:29+00:00 DEBUG tt4b_product_sync: missing access token for tt4b_product_sync
2022-11-09T15:21:29+00:00 DEBUG tt4b_product_sync: missing access token for tt4b_product_sync
2022-11-09T15:21:29+00:00 DEBUG tt4b_product_sync: missing access token for tt4b_product_sync
2022-11-09T15:21:29+00:00 DEBUG tt4b_product_sync: missing access token for tt4b_product_sync
2022-11-09T15:21:29+00:00 DEBUG tt4b_product_sync: missing access token for tt4b_product_sync
2022-11-09T15:22:10+00:00 DEBUG Tt4b_Pixel_Class::inject_view_content_event: hit injectViewContentEvent
2022-11-09T15:22:10+00:00 DEBUG Tt4b_Pixel_Class::inject_view_content_event: Missing option "access_token"
2022-11-09T15:22:11+00:00 DEBUG Tt4b_Pixel_Class::inject_view_content_event: hit injectViewContentEvent
2022-11-09T15:22:11+00:00 DEBUG Tt4b_Pixel_Class::inject_view_content_event: Missing option "access_token"
2022-11-09T15:22:48+00:00 DEBUG Tt4b_Pixel_Class::inject_view_content_event: hit injectViewContentEvent
2022-11-09T15:22:48+00:00 DEBUG Tt4b_Pixel_Class::inject_view_content_event: Missing option "access_token"
2022-11-09T15:23:48+00:00 DEBUG Tt4b_Pixel_Class::inject_view_content_event: hit injectViewContentEvent
2022-11-09T15:23:48+00:00 DEBUG Tt4b_Pixel_Class::inject_view_content_event: Missing option "access_token"
2022-11-09T15:23:52+00:00 DEBUG Tt4b_Pixel_Class::inject_view_content_event: hit injectViewContentEvent
2022-11-09T15:23:52+00:00 DEBUG Tt4b_Pixel_Class::inject_view_content_event: Missing option "access_token"
2022-11-09T15:23:54+00:00 DEBUG Tt4b_Pixel_Class::inject_view_content_event: hit injectViewContentEvent
2022-11-09T15:23:54+00:00 DEBUG Tt4b_Pixel_Class::inject_view_content_event: Missing option "access_token"
2022-11-09T15:23:54+00:00 DEBUG Tt4b_Pixel_Class::inject_view_content_event: hit injectViewContentEvent
2022-11-09T15:23:54+00:00 DEBUG Tt4b_Pixel_Class::inject_view_content_event: Missing option "access_token"
2022-11-09T15:27:40+00:00 DEBUG tt4b_product_sync: missing access token for tt4b_product_sync
2022-11-09T16:01:00+00:00 DEBUG tt4b_product_sync: missing access token for tt4b_product_sync
2022-11-09T16:02:53+00:00 DEBUG tt4b_product_sync: missing access token for tt4b_product_sync
2022-11-09T16:03:08+00:00 DEBUG tt4b_product_sync: missing access token for tt4b_product_sync
2022-11-09T16:03:47+00:00 DEBUG tt4b_product_sync: missing access token for tt4b_product_sync
2022-11-09T16:04:30+00:00 DEBUG tt4b_product_sync: missing access token for tt4b_product_sync
2022-11-09T16:04:52+00:00 DEBUG tt4b_product_sync: missing access token for tt4b_product_sync
2022-11-09T16:05:14+00:00 DEBUG tt4b_product_sync: missing access token for tt4b_product_sync
2022-11-09T16:06:00+00:00 DEBUG tt4b_product_sync: missing access token for tt4b_product_sync
2022-11-09T16:06:29+00:00 DEBUG Tt4b_Pixel_Class::inject_view_content_event: hit injectViewContentEvent
2022-11-09T16:06:29+00:00 DEBUG Tt4b_Pixel_Class::inject_view_content_event: Missing option "access_token"
2022-11-09T16:06:53+00:00 DEBUG tt4b_product_sync: missing access token for tt4b_product_sync
2022-11-09T16:07:17+00:00 DEBUG tt4b_product_sync: missing access token for tt4b_product_sync
2022-11-09T16:07:52+00:00 DEBUG tt4b_product_sync: missing access token for tt4b_product_sync
2022-11-09T16:08:47+00:00 DEBUG tt4b_product_sync: missing access token for tt4b_product_sync
2022-11-09T16:09:52+00:00 DEBUG tt4b_product_sync: missing access token for tt4b_product_sync
2022-11-09T16:10:40+00:00 DEBUG tt4b_product_sync: missing access token for tt4b_product_sync
2022-11-09T16:12:00+00:00 DEBUG Tt4b_Pixel_Class::inject_view_content_event: hit injectViewContentEvent
2022-11-09T16:12:00+00:00 DEBUG Tt4b_Pixel_Class::inject_view_content_event: Missing option "access_token"
2022-11-09T16:12:20+00:00 DEBUG Tt4b_Pixel_Class::inject_view_content_event: hit injectViewContentEvent
2022-11-09T16:12:20+00:00 DEBUG Tt4b_Pixel_Class::inject_view_content_event: Missing option "access_token"
2022-11-09T16:12:25+00:00 DEBUG Tt4b_Pixel_Class::inject_view_content_event: hit injectViewContentEvent
2022-11-09T16:12:25+00:00 DEBUG Tt4b_Pixel_Class::inject_view_content_event: Missing option "access_token"
2022-11-09T16:12:27+00:00 DEBUG Tt4b_Pixel_Class::inject_view_content_event: hit injectViewContentEvent
2022-11-09T16:12:27+00:00 DEBUG Tt4b_Pixel_Class::inject_view_content_event: Missing option "access_token"
2022-11-09T16:13:43+00:00 DEBUG tt4b_product_sync: missing access token for tt4b_product_sync
2022-11-09T16:56:32+00:00 DEBUG Tt4b_Pixel_Class::inject_view_content_event: hit injectViewContentEvent
2022-11-09T16:56:32+00:00 DEBUG Tt4b_Pixel_Class::inject_view_content_event: Missing option "access_token"
2022-11-09T16:56:32+00:00 DEBUG Tt4b_Pixel_Class::inject_view_content_event: hit injectViewContentEvent
2022-11-09T16:56:32+00:00 DEBUG Tt4b_Pixel_Class::inject_view_content_event: Missing option "access_token"
2022-11-09T16:56:34+00:00 DEBUG Tt4b_Pixel_Class::inject_view_content_event: hit injectViewContentEvent
2022-11-09T16:56:34+00:00 DEBUG Tt4b_Pixel_Class::inject_view_content_event: Missing option "access_token"
2022-11-09T16:57:07+00:00 DEBUG Tt4b_Pixel_Class::inject_view_content_event: hit injectViewContentEvent
2022-11-09T16:57:07+00:00 DEBUG Tt4b_Pixel_Class::inject_view_content_event: Missing option "access_token"
2022-11-09T16:57:09+00:00 DEBUG Tt4b_Pixel_Class::inject_view_content_event: hit injectViewContentEvent
2022-11-09T16:57:09+00:00 DEBUG Tt4b_Pixel_Class::inject_view_content_event: Missing option "access_token"
2022-11-09T16:57:10+00:00 DEBUG Tt4b_Pixel_Class::inject_view_content_event: hit injectViewContentEvent
2022-11-09T16:57:10+00:00 DEBUG Tt4b_Pixel_Class::inject_view_content_event: Missing option "access_token"
2022-11-09T16:57:11+00:00 DEBUG Tt4b_Pixel_Class::inject_view_content_event: hit injectViewContentEvent
2022-11-09T16:57:11+00:00 DEBUG Tt4b_Pixel_Class::inject_view_content_event: Missing option "access_token"
2022-11-09T17:04:06+00:00 DEBUG tt4b_product_sync: missing access token for tt4b_product_sync
2022-11-09T17:04:49+00:00 DEBUG tt4b_product_sync: missing access token for tt4b_product_sync
2022-11-09T17:32:48+00:00 DEBUG Tt4b_Pixel_Class::inject_view_content_event: hit injectViewContentEvent
2022-11-09T17:32:48+00:00 DEBUG Tt4b_Pixel_Class::inject_view_content_event: Missing option "access_token"
2022-11-09T17:41:54+00:00 DEBUG tt4b_product_sync: missing access token for tt4b_product_sync
2022-11-09T17:48:39+00:00 DEBUG Tt4b_Pixel_Class::inject_view_content_event: hit injectViewContentEvent
2022-11-09T17:48:39+00:00 DEBUG Tt4b_Pixel_Class::inject_view_content_event: Missing option "access_token"
2022-11-09T17:51:00+00:00 DEBUG Tt4b_Pixel_Class::inject_view_content_event: hit injectViewContentEvent
2022-11-09T17:51:01+00:00 DEBUG Tt4b_Pixel_Class::inject_view_content_event: Missing option "access_token"
2022-11-09T17:51:43+00:00 DEBUG Tt4b_Pixel_Class::inject_view_content_event: hit injectViewContentEvent
2022-11-09T17:51:43+00:00 DEBUG Tt4b_Pixel_Class::inject_view_content_event: Missing option "access_token"
2022-11-09T17:52:09+00:00 DEBUG Tt4b_Pixel_Class::inject_view_content_event: hit injectViewContentEvent
2022-11-09T17:52:09+00:00 DEBUG Tt4b_Pixel_Class::inject_view_content_event: Missing option "access_token"
2022-11-09T17:53:46+00:00 DEBUG Tt4b_Pixel_Class::inject_view_content_event: hit injectViewContentEvent
2022-11-09T17:53:46+00:00 DEBUG Tt4b_Pixel_Class::inject_view_content_event: Missing option "access_token"
2022-11-09T17:53:47+00:00 DEBUG Tt4b_Pixel_Class::inject_view_content_event: hit injectViewContentEvent
2022-11-09T17:53:47+00:00 DEBUG Tt4b_Pixel_Class::inject_view_content_event: Missing option "access_token"
2022-11-09T17:54:09+00:00 DEBUG Tt4b_Pixel_Class::inject_view_content_event: hit injectViewContentEvent
2022-11-09T17:54:09+00:00 DEBUG Tt4b_Pixel_Class::inject_view_content_event: Missing option "access_token"
2022-11-09T17:54:10+00:00 DEBUG Tt4b_Pixel_Class::inject_view_content_event: hit injectViewContentEvent
2022-11-09T17:54:10+00:00 DEBUG Tt4b_Pixel_Class::inject_view_content_event: Missing option "access_token"
2022-11-09T17:54:19+00:00 DEBUG Tt4b_Pixel_Class::inject_view_content_event: hit injectViewContentEvent
2022-11-09T17:54:19+00:00 DEBUG Tt4b_Pixel_Class::inject_view_content_event: Missing option "access_token"
2022-11-09T17:54:20+00:00 DEBUG Tt4b_Pixel_Class::inject_view_content_event: hit injectViewContentEvent
2022-11-09T17:54:20+00:00 DEBUG Tt4b_Pixel_Class::inject_view_content_event: Missing option "access_token"
2022-11-09T17:54:23+00:00 DEBUG Tt4b_Pixel_Class::inject_view_content_event: hit injectViewContentEvent
2022-11-09T17:54:23+00:00 DEBUG Tt4b_Pixel_Class::inject_view_content_event: Missing option "access_token"
2022-11-09T17:54:23+00:00 DEBUG Tt4b_Pixel_Class::inject_view_content_event: hit injectViewContentEvent
2022-11-09T17:54:23+00:00 DEBUG Tt4b_Pixel_Class::inject_view_content_event: Missing option "access_token"
2022-11-09T18:08:10+00:00 DEBUG Tt4b_Pixel_Class::inject_view_content_event: hit injectViewContentEvent
2022-11-09T18:08:10+00:00 DEBUG Tt4b_Pixel_Class::inject_view_content_event: Missing option "access_token"
2022-11-09T18:08:10+00:00 DEBUG Tt4b_Pixel_Class::inject_view_content_event: hit injectViewContentEvent
2022-11-09T18:08:10+00:00 DEBUG Tt4b_Pixel_Class::inject_view_content_event: Missing option "access_token"
2022-11-09T18:08:11+00:00 DEBUG Tt4b_Pixel_Class::inject_view_content_event: hit injectViewContentEvent
2022-11-09T18:08:11+00:00 DEBUG Tt4b_Pixel_Class::inject_view_content_event: Missing option "access_token"
2022-11-09T18:08:11+00:00 DEBUG Tt4b_Pixel_Class::inject_view_content_event: hit injectViewContentEvent
2022-11-09T18:08:11+00:00 DEBUG Tt4b_Pixel_Class::inject_view_content_event: Missing option "access_token"
2022-11-09T18:08:11+00:00 DEBUG Tt4b_Pixel_Class::inject_view_content_event: hit injectViewContentEvent
2022-11-09T18:08:11+00:00 DEBUG Tt4b_Pixel_Class::inject_view_content_event: Missing option "access_token"
2022-11-09T18:08:15+00:00 DEBUG Tt4b_Pixel_Class::inject_view_content_event: hit injectViewContentEvent
2022-11-09T18:08:15+00:00 DEBUG Tt4b_Pixel_Class::inject_view_content_event: Missing option "access_token"
2022-11-09T18:13:22+00:00 DEBUG Tt4b_Pixel_Class::inject_view_content_event: hit injectViewContentEvent
2022-11-09T18:13:22+00:00 DEBUG Tt4b_Pixel_Class::inject_view_content_event: Missing option "access_token"
2022-11-09T18:13:34+00:00 DEBUG Tt4b_Pixel_Class::inject_view_content_event: hit injectViewContentEvent
2022-11-09T18:13:34+00:00 DEBUG Tt4b_Pixel_Class::inject_view_content_event: Missing option "access_token"
2022-11-09T18:13:50+00:00 DEBUG Tt4b_Pixel_Class::inject_view_content_event: hit injectViewContentEvent
2022-11-09T18:13:50+00:00 DEBUG Tt4b_Pixel_Class::inject_view_content_event: Missing option "access_token"
2022-11-09T18:13:50+00:00 DEBUG Tt4b_Pixel_Class::inject_view_content_event: hit injectViewContentEvent
2022-11-09T18:13:50+00:00 DEBUG Tt4b_Pixel_Class::inject_view_content_event: Missing option "access_token"
2022-11-09T18:16:47+00:00 DEBUG Tt4b_Pixel_Class::inject_view_content_event: hit injectViewContentEvent
2022-11-09T18:16:47+00:00 DEBUG Tt4b_Pixel_Class::inject_view_content_event: Missing option "access_token"
