2022-11-10T01:28:09+00:00 DEBUG tt4b_product_sync: missing access token for tt4b_product_sync
2022-11-10T01:28:15+00:00 DEBUG tt4b_product_sync: missing access token for tt4b_product_sync
2022-11-10T01:30:16+00:00 DEBUG tt4b_product_sync: missing access token for tt4b_product_sync
2022-11-10T01:30:38+00:00 DEBUG tt4b_product_sync: missing access token for tt4b_product_sync
2022-11-10T01:31:01+00:00 DEBUG Tt4b_Pixel_Class::inject_view_content_event: hit injectViewContentEvent
2022-11-10T01:31:01+00:00 DEBUG Tt4b_Pixel_Class::inject_view_content_event: Missing option "access_token"
2022-11-10T01:32:10+00:00 DEBUG Tt4b_Pixel_Class::inject_add_to_cart_event: hit injectAddToCartEvent
2022-11-10T01:32:10+00:00 DEBUG Tt4b_Pixel_Class::inject_add_to_cart_event: Missing option "access_token"
2022-11-10T01:32:10+00:00 DEBUG Tt4b_Pixel_Class::inject_view_content_event: hit injectViewContentEvent
2022-11-10T01:32:10+00:00 DEBUG Tt4b_Pixel_Class::inject_view_content_event: Missing option "access_token"
2022-11-10T01:42:17+00:00 DEBUG Tt4b_Pixel_Class::inject_view_content_event: hit injectViewContentEvent
2022-11-10T01:42:17+00:00 DEBUG Tt4b_Pixel_Class::inject_view_content_event: Missing option "access_token"
2022-11-10T02:30:36+00:00 DEBUG tt4b_product_sync: missing access token for tt4b_product_sync
2022-11-10T02:30:50+00:00 DEBUG tt4b_product_sync: missing access token for tt4b_product_sync
2022-11-10T02:31:52+00:00 DEBUG tt4b_product_sync: missing access token for tt4b_product_sync
2022-11-10T02:33:53+00:00 DEBUG tt4b_product_sync: missing access token for tt4b_product_sync
2022-11-10T02:35:54+00:00 DEBUG tt4b_product_sync: missing access token for tt4b_product_sync
2022-11-10T02:37:55+00:00 DEBUG tt4b_product_sync: missing access token for tt4b_product_sync
2022-11-10T02:38:13+00:00 DEBUG tt4b_product_sync: missing access token for tt4b_product_sync
2022-11-10T02:40:50+00:00 DEBUG tt4b_product_sync: missing access token for tt4b_product_sync
2022-11-10T02:42:11+00:00 DEBUG tt4b_product_sync: missing access token for tt4b_product_sync
2022-11-10T02:43:22+00:00 DEBUG tt4b_product_sync: missing access token for tt4b_product_sync
2022-11-10T02:45:13+00:00 DEBUG tt4b_product_sync: missing access token for tt4b_product_sync
2022-11-10T02:46:56+00:00 DEBUG tt4b_product_sync: missing access token for tt4b_product_sync
2022-11-10T02:47:28+00:00 DEBUG tt4b_product_sync: missing access token for tt4b_product_sync
2022-11-10T02:47:45+00:00 DEBUG tt4b_product_sync: missing access token for tt4b_product_sync
2022-11-10T02:48:31+00:00 DEBUG tt4b_product_sync: missing access token for tt4b_product_sync
2022-11-10T02:49:27+00:00 DEBUG tt4b_product_sync: missing access token for tt4b_product_sync
2022-11-10T02:50:12+00:00 DEBUG tt4b_product_sync: missing access token for tt4b_product_sync
2022-11-10T02:52:09+00:00 DEBUG tt4b_product_sync: missing access token for tt4b_product_sync
2022-11-10T02:52:23+00:00 DEBUG tt4b_product_sync: missing access token for tt4b_product_sync
2022-11-10T02:52:46+00:00 DEBUG Tt4b_Pixel_Class::inject_view_content_event: hit injectViewContentEvent
2022-11-10T02:52:46+00:00 DEBUG Tt4b_Pixel_Class::inject_view_content_event: Missing option "access_token"
2022-11-10T02:52:54+00:00 DEBUG Tt4b_Pixel_Class::inject_add_to_cart_event: hit injectAddToCartEvent
2022-11-10T02:52:54+00:00 DEBUG Tt4b_Pixel_Class::inject_add_to_cart_event: Missing option "access_token"
2022-11-10T02:52:56+00:00 DEBUG Tt4b_Pixel_Class::inject_view_content_event: hit injectViewContentEvent
2022-11-10T02:52:56+00:00 DEBUG Tt4b_Pixel_Class::inject_view_content_event: Missing option "access_token"
2022-11-10T02:53:07+00:00 DEBUG Tt4b_Pixel_Class::inject_add_to_cart_event: hit injectAddToCartEvent
2022-11-10T02:53:07+00:00 DEBUG Tt4b_Pixel_Class::inject_add_to_cart_event: Missing option "access_token"
2022-11-10T02:53:38+00:00 DEBUG Tt4b_Pixel_Class::inject_start_checkout: hit injectStartCheckout
2022-11-10T02:53:38+00:00 DEBUG Tt4b_Pixel_Class::inject_start_checkout: Missing option "access_token"
2022-11-10T02:53:40+00:00 DEBUG Tt4b_Pixel_Class::inject_start_checkout: hit injectStartCheckout
2022-11-10T02:53:40+00:00 DEBUG Tt4b_Pixel_Class::inject_start_checkout: Missing option "access_token"
2022-11-10T02:54:53+00:00 DEBUG tt4b_product_sync: missing access token for tt4b_product_sync
2022-11-10T02:58:18+00:00 DEBUG Tt4b_Pixel_Class::inject_view_content_event: hit injectViewContentEvent
2022-11-10T02:58:18+00:00 DEBUG Tt4b_Pixel_Class::inject_view_content_event: Missing option "access_token"
2022-11-10T02:58:18+00:00 DEBUG Tt4b_Pixel_Class::inject_view_content_event: hit injectViewContentEvent
2022-11-10T02:58:18+00:00 DEBUG Tt4b_Pixel_Class::inject_view_content_event: Missing option "access_token"
2022-11-10T02:58:23+00:00 DEBUG Tt4b_Pixel_Class::inject_view_content_event: hit injectViewContentEvent
2022-11-10T02:58:23+00:00 DEBUG Tt4b_Pixel_Class::inject_view_content_event: Missing option "access_token"
2022-11-10T03:05:03+00:00 DEBUG tt4b_product_sync: missing access token for tt4b_product_sync
2022-11-10T03:05:07+00:00 DEBUG tt4b_product_sync: missing access token for tt4b_product_sync
2022-11-10T03:07:08+00:00 DEBUG tt4b_product_sync: missing access token for tt4b_product_sync
2022-11-10T03:08:41+00:00 DEBUG tt4b_product_sync: missing access token for tt4b_product_sync
2022-11-10T03:08:49+00:00 DEBUG Tt4b_Pixel_Class::inject_view_content_event: hit injectViewContentEvent
2022-11-10T03:08:49+00:00 DEBUG Tt4b_Pixel_Class::inject_view_content_event: Missing option "access_token"
2022-11-10T10:34:38+00:00 DEBUG tt4b_product_sync: missing access token for tt4b_product_sync
2022-11-10T10:34:54+00:00 DEBUG tt4b_product_sync: missing access token for tt4b_product_sync
2022-11-10T10:36:55+00:00 DEBUG tt4b_product_sync: missing access token for tt4b_product_sync
2022-11-10T10:37:46+00:00 DEBUG tt4b_product_sync: missing access token for tt4b_product_sync
2022-11-10T10:38:12+00:00 DEBUG Tt4b_Pixel_Class::inject_view_content_event: hit injectViewContentEvent
2022-11-10T10:38:12+00:00 DEBUG Tt4b_Pixel_Class::inject_view_content_event: Missing option "access_token"
2022-11-10T10:38:44+00:00 DEBUG tt4b_product_sync: missing access token for tt4b_product_sync
2022-11-10T10:39:29+00:00 DEBUG tt4b_product_sync: missing access token for tt4b_product_sync
2022-11-10T10:40:48+00:00 DEBUG tt4b_product_sync: missing access token for tt4b_product_sync
2022-11-10T11:06:20+00:00 DEBUG tt4b_product_sync: missing access token for tt4b_product_sync
2022-11-10T11:06:25+00:00 DEBUG tt4b_product_sync: missing access token for tt4b_product_sync
2022-11-10T11:08:26+00:00 DEBUG tt4b_product_sync: missing access token for tt4b_product_sync
2022-11-10T11:08:43+00:00 DEBUG tt4b_product_sync: missing access token for tt4b_product_sync
2022-11-10T11:09:23+00:00 DEBUG tt4b_product_sync: missing access token for tt4b_product_sync
2022-11-10T11:09:36+00:00 DEBUG Tt4b_Pixel_Class::inject_view_content_event: hit injectViewContentEvent
2022-11-10T11:09:36+00:00 DEBUG Tt4b_Pixel_Class::inject_view_content_event: Missing option "access_token"
2022-11-10T11:11:11+00:00 DEBUG tt4b_product_sync: missing access token for tt4b_product_sync
2022-11-10T11:11:19+00:00 DEBUG tt4b_product_sync: missing access token for tt4b_product_sync
2022-11-10T11:13:19+00:00 DEBUG tt4b_product_sync: missing access token for tt4b_product_sync
2022-11-10T11:13:25+00:00 DEBUG tt4b_product_sync: missing access token for tt4b_product_sync
2022-11-10T11:14:01+00:00 DEBUG Tt4b_Pixel_Class::inject_view_content_event: hit injectViewContentEvent
2022-11-10T11:14:01+00:00 DEBUG Tt4b_Pixel_Class::inject_view_content_event: Missing option "access_token"
2022-11-10T11:14:37+00:00 DEBUG tt4b_product_sync: missing access token for tt4b_product_sync
2022-11-10T11:14:48+00:00 DEBUG tt4b_product_sync: missing access token for tt4b_product_sync
2022-11-10T11:16:44+00:00 DEBUG Tt4b_Pixel_Class::inject_view_content_event: hit injectViewContentEvent
2022-11-10T11:16:44+00:00 DEBUG Tt4b_Pixel_Class::inject_view_content_event: Missing option "access_token"
2022-11-10T11:16:49+00:00 DEBUG tt4b_product_sync: missing access token for tt4b_product_sync
2022-11-10T11:17:00+00:00 DEBUG tt4b_product_sync: missing access token for tt4b_product_sync
2022-11-10T12:37:25+00:00 DEBUG tt4b_product_sync: missing access token for tt4b_product_sync
2022-11-10T12:37:45+00:00 DEBUG tt4b_product_sync: missing access token for tt4b_product_sync
2022-11-10T12:39:46+00:00 DEBUG tt4b_product_sync: missing access token for tt4b_product_sync
2022-11-10T12:41:53+00:00 DEBUG tt4b_product_sync: missing access token for tt4b_product_sync
2022-11-10T12:42:18+00:00 DEBUG Tt4b_Pixel_Class::inject_view_content_event: hit injectViewContentEvent
2022-11-10T12:42:18+00:00 DEBUG Tt4b_Pixel_Class::inject_view_content_event: Missing option "access_token"
2022-11-10T12:42:30+00:00 DEBUG tt4b_product_sync: missing access token for tt4b_product_sync
2022-11-10T12:43:03+00:00 DEBUG tt4b_product_sync: missing access token for tt4b_product_sync
2022-11-10T12:45:04+00:00 DEBUG tt4b_product_sync: missing access token for tt4b_product_sync
2022-11-10T12:45:36+00:00 DEBUG tt4b_product_sync: missing access token for tt4b_product_sync
2022-11-10T12:48:01+00:00 DEBUG tt4b_product_sync: missing access token for tt4b_product_sync
2022-11-10T12:48:12+00:00 DEBUG tt4b_product_sync: missing access token for tt4b_product_sync
2022-11-10T12:50:13+00:00 DEBUG tt4b_product_sync: missing access token for tt4b_product_sync
2022-11-10T12:50:41+00:00 DEBUG tt4b_product_sync: missing access token for tt4b_product_sync
2022-11-10T12:50:58+00:00 DEBUG tt4b_product_sync: missing access token for tt4b_product_sync
2022-11-10T12:51:04+00:00 DEBUG tt4b_product_sync: missing access token for tt4b_product_sync
2022-11-10T12:52:59+00:00 DEBUG tt4b_product_sync: missing access token for tt4b_product_sync
2022-11-10T12:53:58+00:00 DEBUG tt4b_product_sync: missing access token for tt4b_product_sync
2022-11-10T12:54:24+00:00 DEBUG tt4b_product_sync: missing access token for tt4b_product_sync
2022-11-10T12:54:49+00:00 DEBUG Tt4b_Pixel_Class::inject_view_content_event: hit injectViewContentEvent
2022-11-10T12:54:49+00:00 DEBUG Tt4b_Pixel_Class::inject_view_content_event: Missing option "access_token"
2022-11-10T12:56:00+00:00 DEBUG Tt4b_Pixel_Class::inject_view_content_event: hit injectViewContentEvent
2022-11-10T12:56:00+00:00 DEBUG Tt4b_Pixel_Class::inject_view_content_event: Missing option "access_token"
2022-11-10T12:56:01+00:00 DEBUG Tt4b_Pixel_Class::inject_view_content_event: hit injectViewContentEvent
2022-11-10T12:56:01+00:00 DEBUG Tt4b_Pixel_Class::inject_view_content_event: Missing option "access_token"
2022-11-10T12:56:40+00:00 DEBUG Tt4b_Pixel_Class::inject_view_content_event: hit injectViewContentEvent
2022-11-10T12:56:40+00:00 DEBUG Tt4b_Pixel_Class::inject_view_content_event: Missing option "access_token"
2022-11-10T12:56:43+00:00 DEBUG Tt4b_Pixel_Class::inject_view_content_event: hit injectViewContentEvent
2022-11-10T12:56:43+00:00 DEBUG Tt4b_Pixel_Class::inject_view_content_event: Missing option "access_token"
2022-11-10T12:56:54+00:00 DEBUG Tt4b_Pixel_Class::inject_view_content_event: hit injectViewContentEvent
2022-11-10T12:56:54+00:00 DEBUG Tt4b_Pixel_Class::inject_view_content_event: Missing option "access_token"
2022-11-10T12:58:20+00:00 DEBUG Tt4b_Pixel_Class::inject_view_content_event: hit injectViewContentEvent
2022-11-10T12:58:20+00:00 DEBUG Tt4b_Pixel_Class::inject_view_content_event: Missing option "access_token"
